<?xml version="1.0" encoding="UTF-8"?>
<testsuite name="FizzBuzzTest" tests="1" skipped="0" failures="0" errors="0" timestamp="2022-04-14T14:06:42" hostname="Johns-MacBook-Pro.local" time="0.007">
  <properties/>
  <testcase name="fuzzBuzz()" classname="FizzBuzzTest" time="0.007"/>
  <system-out><![CDATA[]]></system-out>
  <system-err><![CDATA[]]></system-err>
</testsuite>
